Performing C SOURCE FILE Test CMAKE_HAVE_LIBC_PTHREAD failed with the following output:
Change Dir: /home/dikson/HSE-Course/module-1/homework/BigInteger/build/CMakeFiles/CMakeTmp

Run Build Command(s):/usr/bin/make cmTC_025ae/fast && /usr/bin/make  -f CMakeFiles/cmTC_025ae.dir/build.make CMakeFiles/cmTC_025ae.dir/build
make[1]: Entering directory '/home/dikson/HSE-Course/module-1/homework/BigInteger/build/CMakeFiles/CMakeTmp'
Building C object CMakeFiles/cmTC_025ae.dir/src.c.o
/usr/bin/cc -DCMAKE_HAVE_LIBC_PTHREAD   -o CMakeFiles/cmTC_025ae.dir/src.c.o -c /home/dikson/HSE-Course/module-1/homework/BigInteger/build/CMakeFiles/CMakeTmp/src.c
Linking C executable cmTC_025ae
/snap/cmake/715/bin/cmake -E cmake_link_script CMakeFiles/cmTC_025ae.dir/link.txt --verbose=1
/usr/bin/cc -rdynamic CMakeFiles/cmTC_025ae.dir/src.c.o -o cmTC_025ae 
CMakeFiles/cmTC_025ae.dir/src.c.o: In function `main':
src.c:(.text+0x3e): undefined reference to `pthread_create'
src.c:(.text+0x4a): undefined reference to `pthread_detach'
src.c:(.text+0x56): undefined reference to `pthread_cancel'
src.c:(.text+0x67): undefined reference to `pthread_join'
src.c:(.text+0x7b): undefined reference to `pthread_atfork'
collect2: error: ld returned 1 exit status
CMakeFiles/cmTC_025ae.dir/build.make:105: recipe for target 'cmTC_025ae' failed
make[1]: *** [cmTC_025ae] Error 1
make[1]: Leaving directory '/home/dikson/HSE-Course/module-1/homework/BigInteger/build/CMakeFiles/CMakeTmp'
Makefile:140: recipe for target 'cmTC_025ae/fast' failed
make: *** [cmTC_025ae/fast] Error 2


Source file was:
#include <pthread.h>

static void* test_func(void* data)
{
  return data;
}

int main(void)
{
  pthread_t thread;
  pthread_create(&thread, NULL, test_func, NULL);
  pthread_detach(thread);
  pthread_cancel(thread);
  pthread_join(thread, NULL);
  pthread_atfork(NULL, NULL, NULL);
  pthread_exit(NULL);

  return 0;
}

Determining if the function pthread_create exists in the pthreads failed with the following output:
Change Dir: /home/dikson/HSE-Course/module-1/homework/BigInteger/build/CMakeFiles/CMakeTmp

Run Build Command(s):/usr/bin/make cmTC_d2d96/fast && /usr/bin/make  -f CMakeFiles/cmTC_d2d96.dir/build.make CMakeFiles/cmTC_d2d96.dir/build
make[1]: Entering directory '/home/dikson/HSE-Course/module-1/homework/BigInteger/build/CMakeFiles/CMakeTmp'
Building C object CMakeFiles/cmTC_d2d96.dir/CheckFunctionExists.c.o
/usr/bin/cc   -DCHECK_FUNCTION_EXISTS=pthread_create -o CMakeFiles/cmTC_d2d96.dir/CheckFunctionExists.c.o -c /snap/cmake/715/share/cmake-3.19/Modules/CheckFunctionExists.c
Linking C executable cmTC_d2d96
/snap/cmake/715/bin/cmake -E cmake_link_script CMakeFiles/cmTC_d2d96.dir/link.txt --verbose=1
/usr/bin/cc  -DCHECK_FUNCTION_EXISTS=pthread_create -rdynamic CMakeFiles/cmTC_d2d96.dir/CheckFunctionExists.c.o -o cmTC_d2d96  -lpthreads 
/usr/bin/ld: cannot find -lpthreads
collect2: error: ld returned 1 exit status
CMakeFiles/cmTC_d2d96.dir/build.make:105: recipe for target 'cmTC_d2d96' failed
make[1]: *** [cmTC_d2d96] Error 1
make[1]: Leaving directory '/home/dikson/HSE-Course/module-1/homework/BigInteger/build/CMakeFiles/CMakeTmp'
Makefile:140: recipe for target 'cmTC_d2d96/fast' failed
make: *** [cmTC_d2d96/fast] Error 2



